Matrix Size for Computation = 33

Find solution of A*X = B using Gauss Elimination
The solution took 580 cpu ticks spent, or about 0.00058 seconds.
Infinity Norm of A*X - B = 2.11e-15
    6.47241
    0.28080
   -4.39437
   -9.34890
  -11.82933
   -2.85164
  -15.13529
   -1.29263
  -12.01589
  -10.92979
   12.21521
    6.16469
    3.80101
  -24.44373
   -3.60034
   -5.92402
    8.50898
   -3.42116
   -0.64865
   -2.73594
   -2.46748
   -0.69183
    0.47989
    1.79029
    4.07194
   -0.79379
    1.23009
   -0.53153
   -0.31816
    0.20953
    0.03332
    0.04909
   -0.11868


